2024-06-14 15:34:13,456 [INFO] Activator:176 - 


2024-06-14 15:34:13,458 [INFO] Activator:177 - !SESSION log4j initialized
2024-06-14 15:34:16,475 [INFO] LogOutputStream:77 - [STDOUT_REDIRECT] 
2024-06-14 15:34:18,104 [INFO] ApplicationProperties:184 - Using Application install path: C:\ST\STM32CubeIDE_1.12.0\STM32CubeIDE\plugins\com.st.stm32cube.common.mx_6.10.0.202311202037
2024-06-14 15:34:18,122 [INFO] DbMcusXml:78 - Set database path to: C:\ST\STM32CubeIDE_1.12.0\STM32CubeIDE\plugins\com.st.stm32cube.common.mx_6.10.0.202311202037\\db\/mcu/
2024-06-14 15:34:18,123 [INFO] ApiDb:274 - Set plugin database path to: C:\ST\STM32CubeIDE_1.12.0\STM32CubeIDE\plugins\com.st.stm32cube.common.mx_6.10.0.202311202037\\db\/plugins/boardmanager/
2024-06-14 15:34:18,123 [WARN] ApiDb:259 - Overriding images path with different value:  => C:\ST\STM32CubeIDE_1.12.0\STM32CubeIDE\plugins\com.st.stm32cube.common.mx_6.10.0.202311202037\\db\/plugins/mcufinder/images/
2024-06-14 15:34:18,133 [INFO] ApiDb:250 - Set database path to: C:\Users\jimitp\.stmcufinder\plugins\mcufinder//mcu/
2024-06-14 15:34:18,134 [INFO] DbMcusAds:125 - Set database path to: C:\Users\jimitp\.stmcufinder\plugins\mcufinder//mcu/
2024-06-14 15:34:18,137 [INFO] CrossReferenceDbSqlite:203 - Set database path to: C:\Users\jimitp\.stmcufinder\plugins\mcufinder//mcu/cs/
2024-06-14 15:34:18,254 [INFO] RulesReader:64 - Compatibility file has been processed (297 Rules)
2024-06-14 15:34:18,355 [INFO] DbMcusXml:78 - Set database path to: C:\ST\STM32CubeIDE_1.12.0\STM32CubeIDE\plugins\com.st.stm32cube.common.mx_6.10.0.202311202037\\db\/mcu/
2024-06-14 15:34:18,355 [INFO] ApiDb:274 - Set plugin database path to: C:\ST\STM32CubeIDE_1.12.0\STM32CubeIDE\plugins\com.st.stm32cube.common.mx_6.10.0.202311202037\\db\/plugins/boardmanager/
2024-06-14 15:34:18,356 [INFO] ApiDb:261 - Set plugin images path to: C:\ST\STM32CubeIDE_1.12.0\STM32CubeIDE\plugins\com.st.stm32cube.common.mx_6.10.0.202311202037\\db\/plugins/mcufinder/images/
2024-06-14 15:34:18,356 [WARN] DbFile:41 - Overriding database path with different value: C:\Users\jimitp\.stmcufinder\plugins\mcufinder/ => C:\Users\jimitp\.stmcufinder\plugins\mcufinder
2024-06-14 15:34:18,356 [INFO] ApiDb:250 - Set database path to: C:\Users\jimitp\.stmcufinder\plugins\mcufinder//mcu/
2024-06-14 15:34:18,356 [WARN] DbFile:41 - Overriding database path with different value: C:\Users\jimitp\.stmcufinder\plugins\mcufinder/ => C:\Users\jimitp\.stmcufinder\plugins\mcufinder
2024-06-14 15:34:18,356 [INFO] DbMcusAds:125 - Set database path to: C:\Users\jimitp\.stmcufinder\plugins\mcufinder//mcu/
2024-06-14 15:34:18,356 [WARN] DbFile:41 - Overriding database path with different value: C:\Users\jimitp\.stmcufinder\plugins\mcufinder/ => C:\Users\jimitp\.stmcufinder\plugins\mcufinder
2024-06-14 15:34:18,356 [WARN] DbFile:41 - Overriding database path with different value: C:\Users\jimitp\.stmcufinder\plugins\mcufinder/ => C:\Users\jimitp\.stmcufinder\plugins\mcufinder
2024-06-14 15:34:18,356 [INFO] CrossReferenceDbSqlite:203 - Set database path to: C:\Users\jimitp\.stmcufinder\plugins\mcufinder//mcu/cs/
2024-06-14 15:34:18,446 [INFO] MainPanel:264 - HeapMemory: 268435456
2024-06-14 15:34:18,547 [INFO] DbMcusXml:78 - Set database path to: C:\ST\STM32CubeIDE_1.12.0\STM32CubeIDE\plugins\com.st.stm32cube.common.mx_6.10.0.202311202037\\db\/mcu/
2024-06-14 15:34:18,547 [INFO] ApiDb:274 - Set plugin database path to: C:\ST\STM32CubeIDE_1.12.0\STM32CubeIDE\plugins\com.st.stm32cube.common.mx_6.10.0.202311202037\\db\/plugins/boardmanager/
2024-06-14 15:34:18,547 [INFO] ApiDb:261 - Set plugin images path to: C:\ST\STM32CubeIDE_1.12.0\STM32CubeIDE\plugins\com.st.stm32cube.common.mx_6.10.0.202311202037\\db\/plugins/mcufinder/images/
2024-06-14 15:34:18,548 [WARN] DbFile:41 - Overriding database path with different value: C:\Users\jimitp\.stmcufinder\plugins\mcufinder/ => C:\Users\jimitp\.stmcufinder\plugins\mcufinder
2024-06-14 15:34:18,548 [INFO] ApiDb:250 - Set database path to: C:\Users\jimitp\.stmcufinder\plugins\mcufinder//mcu/
2024-06-14 15:34:18,548 [WARN] DbFile:41 - Overriding database path with different value: C:\Users\jimitp\.stmcufinder\plugins\mcufinder/ => C:\Users\jimitp\.stmcufinder\plugins\mcufinder
2024-06-14 15:34:18,548 [INFO] DbMcusAds:125 - Set database path to: C:\Users\jimitp\.stmcufinder\plugins\mcufinder//mcu/
2024-06-14 15:34:18,548 [WARN] DbFile:41 - Overriding database path with different value: C:\Users\jimitp\.stmcufinder\plugins\mcufinder/ => C:\Users\jimitp\.stmcufinder\plugins\mcufinder
2024-06-14 15:34:18,548 [WARN] DbFile:41 - Overriding database path with different value: C:\Users\jimitp\.stmcufinder\plugins\mcufinder/ => C:\Users\jimitp\.stmcufinder\plugins\mcufinder
2024-06-14 15:34:18,548 [INFO] CrossReferenceDbSqlite:203 - Set database path to: C:\Users\jimitp\.stmcufinder\plugins\mcufinder//mcu/cs/
2024-06-14 15:34:18,568 [INFO] ApplicationProperties:184 - Using Application install path: C:\ST\STM32CubeIDE_1.12.0\STM32CubeIDE\plugins\com.st.stm32cube.common.mx_6.10.0.202311202037
2024-06-14 15:34:18,569 [INFO] PluginManage:196 - Search for loadable plugins [exclusion list=, ]
2024-06-14 15:34:18,570 [INFO] PluginManage:310 - Check plugin analytics
2024-06-14 15:34:18,738 [INFO] AnalyticsPlugin:253 - Accepted Software Licenses: STM32CubeMX.6.8.0,STM32CubeMX.6.8.1,STM32CubeMX.6.9.2,STM32CubeMX.6.10.0
2024-06-14 15:34:18,738 [INFO] AnalyticsPlugin:255 - Accepted CMSIS Pack Licenses: SEGGER.I-CUBE-embOS.1.3.1,STMicroelectronics.X-CUBE-BLE1.6.2.4,STMicroelectronics.X-CUBE-BLE2.3.3.0,STMicroelectronics.X-CUBE-BLEMGR.2.0.0,STMicroelectronics.FP-ATR-SIGFOX1.3.2.0,STMicroelectronics.X-CUBE-AZRTOS-WB.1.1.0,STMicroelectronics.X-CUBE-GNSS1.6.0.0,STMicroelectronics.X-CUBE-BLE1.7.0.0,STMicroelectronics.X-CUBE-AZRTOS-WB.2.0.0,STMicroelectronics.X-CUBE-BLEMGR.3.0.0,STMicroelectronics.X-CUBE-BLEMGR.3.1.0
2024-06-14 15:34:18,738 [INFO] AnalyticsPlugin:257 - Accepted Firmware Licenses: FW.WB.1.16.0,FW.WB.1.15.0,FW.WL.1.3.0,FW.WB.1.17.0,FW.F7.1.17.0
2024-06-14 15:34:18,742 [INFO] PluginManage:359 - Loaded plugin analytics (category:tool,tabindex:-1)
2024-06-14 15:34:18,742 [INFO] PluginManage:310 - Check plugin cadmodel
2024-06-14 15:34:18,760 [INFO] CADModel:105 - Init CAD model plugin
2024-06-14 15:34:18,760 [INFO] PluginManage:359 - Loaded plugin cadmodel (category:power,tabindex:5)
2024-06-14 15:34:18,760 [INFO] PluginManage:310 - Check plugin clock
2024-06-14 15:34:18,775 [INFO] PluginManage:359 - Loaded plugin clock (category:base,tabindex:2)
2024-06-14 15:34:18,775 [INFO] PluginManage:310 - Check plugin ddr
2024-06-14 15:34:18,777 [INFO] PluginManage:359 - Loaded plugin ddr (category:tool,tabindex:6)
2024-06-14 15:34:18,777 [INFO] PluginManage:310 - Check plugin filemanager
2024-06-14 15:34:18,908 [INFO] PluginManage:359 - Loaded plugin filemanager (category:base,tabindex:10)
2024-06-14 15:34:18,909 [INFO] PluginManage:310 - Check plugin ipmanager
2024-06-14 15:34:18,918 [INFO] PluginManage:359 - Loaded plugin ipmanager (category:base,tabindex:5)
2024-06-14 15:34:18,918 [INFO] PluginManage:310 - Check plugin lpbam
2024-06-14 15:34:18,932 [INFO] PluginManage:359 - Loaded plugin lpbam (category:base,tabindex:0)
2024-06-14 15:34:18,933 [INFO] PluginManage:310 - Check plugin memorymap
2024-06-14 15:34:18,947 [INFO] PluginManage:359 - Loaded plugin memorymap (category:base,tabindex:4)
2024-06-14 15:34:18,948 [INFO] PluginManage:310 - Check plugin pinoutandconfiguration
2024-06-14 15:34:18,958 [INFO] PluginManage:359 - Loaded plugin pinoutandconfiguration (category:base,tabindex:1)
2024-06-14 15:34:18,959 [INFO] PluginManage:310 - Check plugin pinoutconfig
2024-06-14 15:34:19,038 [WARN] SupportedApi:132 - Cannot load RTOS API schema: s4s-elt-must-match.1: The content of 'definitions' must match (annotation?, (simpleType | complexType)?, (unique | key | keyref)*)). A problem was found starting at: attribute.
2024-06-14 15:34:19,135 [INFO] PluginManage:359 - Loaded plugin pinoutconfig (category:base,tabindex:0)
2024-06-14 15:34:19,135 [INFO] PluginManage:310 - Check plugin power
2024-06-14 15:34:19,161 [INFO] PluginManage:359 - Loaded plugin power (category:power,tabindex:4)
2024-06-14 15:34:19,162 [INFO] PluginManage:310 - Check plugin projectmanager
2024-06-14 15:34:19,174 [INFO] PluginManage:359 - Loaded plugin projectmanager (category:projectmanager,tabindex:3)
2024-06-14 15:34:19,174 [INFO] PluginManage:310 - Check plugin thirdparty
2024-06-14 15:34:19,353 [INFO] PluginManage:359 - Loaded plugin thirdparty (category:base,tabindex:-1)
2024-06-14 15:34:19,353 [WARN] IntegrityCheckThread:84 - waiting for thirdparty lock release [integrity check]
2024-06-14 15:34:19,354 [INFO] PluginManage:310 - Check plugin tools
2024-06-14 15:34:19,354 [INFO] IntegrityCheckThread:86 - entering critical section [integrity check]
2024-06-14 15:34:19,354 [INFO] ThirdPartyUpdaterWithRetryManager:70 - Updater plugin not ready yet. [1/15]
2024-06-14 15:34:19,360 [INFO] PluginManage:359 - Loaded plugin tools (category:base,tabindex:7)
2024-06-14 15:34:19,361 [INFO] PluginManage:310 - Check plugin tutovideos
2024-06-14 15:34:19,513 [INFO] PluginManage:359 - Loaded plugin tutovideos (category:base,tabindex:-1)
2024-06-14 15:34:19,513 [INFO] PluginManage:310 - Check plugin updater
2024-06-14 15:34:19,525 [INFO] PluginManage:359 - Loaded plugin updater (category:base,tabindex:12)
2024-06-14 15:34:19,525 [INFO] PluginManage:310 - Check plugin userauth
2024-06-14 15:34:19,530 [INFO] UserAuth:114 - Init User Auth plugin
2024-06-14 15:34:19,531 [INFO] PluginManage:359 - Loaded plugin userauth (category:base,tabindex:14)
2024-06-14 15:34:19,531 [INFO] PluginManage:283 - PluginManage : Loaded plugins [17]
2024-06-14 15:34:19,759 [INFO] PinOutPanel:1499 - setPackage(No Configuration,No Configuration)
2024-06-14 15:34:19,845 [INFO] CADModel:165 - CPN selected for project level
2024-06-14 15:34:19,846 [INFO] CADModel:114 - Register for checkConnection events
2024-06-14 15:34:19,863 [INFO] IPUIPlugin:80 - create IPUIPlugin
2024-06-14 15:34:19,864 [INFO] PluginManager:220 - loadIPPluginJar : add adc
2024-06-14 15:34:19,869 [INFO] IPUIPlugin:80 - create IPUIPlugin
2024-06-14 15:34:19,869 [INFO] PluginManager:220 - loadIPPluginJar : add aes
2024-06-14 15:34:19,874 [INFO] IPUIPlugin:80 - create IPUIPlugin
2024-06-14 15:34:19,875 [INFO] PluginManager:220 - loadIPPluginJar : add can
2024-06-14 15:34:19,880 [INFO] IPUIPlugin:80 - create IPUIPlugin
2024-06-14 15:34:19,880 [INFO] PluginManager:220 - loadIPPluginJar : add comp
2024-06-14 15:34:19,885 [INFO] IPUIPlugin:80 - create IPUIPlugin
2024-06-14 15:34:19,885 [INFO] PluginManager:220 - loadIPPluginJar : add cryp
2024-06-14 15:34:19,890 [INFO] IPUIPlugin:80 - create IPUIPlugin
2024-06-14 15:34:19,890 [INFO] PluginManager:220 - loadIPPluginJar : add dfsdm
2024-06-14 15:34:19,900 [INFO] IPUIPlugin:80 - create IPUIPlugin
2024-06-14 15:34:19,900 [INFO] PluginManager:220 - loadIPPluginJar : add dma
2024-06-14 15:34:19,906 [INFO] IPUIPlugin:80 - create IPUIPlugin
2024-06-14 15:34:19,906 [INFO] PluginManager:220 - loadIPPluginJar : add dma3
2024-06-14 15:34:19,910 [INFO] IPUIPlugin:80 - create IPUIPlugin
2024-06-14 15:34:19,911 [INFO] PluginManager:220 - loadIPPluginJar : add fatfs
2024-06-14 15:34:19,919 [INFO] IPUIPlugin:80 - create IPUIPlugin
2024-06-14 15:34:19,919 [INFO] PluginManager:220 - loadIPPluginJar : add fmc
2024-06-14 15:34:19,929 [INFO] IPUIPlugin:80 - create IPUIPlugin
2024-06-14 15:34:19,929 [INFO] PluginManager:220 - loadIPPluginJar : add freertos
2024-06-14 15:34:19,934 [INFO] IPUIPlugin:80 - create IPUIPlugin
2024-06-14 15:34:19,934 [INFO] PluginManager:220 - loadIPPluginJar : add genericplugin
2024-06-14 15:34:19,939 [INFO] IPUIPlugin:80 - create IPUIPlugin
2024-06-14 15:34:19,940 [INFO] PluginManager:220 - loadIPPluginJar : add gfxmmu
2024-06-14 15:34:19,949 [INFO] IPUIPlugin:80 - create IPUIPlugin
2024-06-14 15:34:19,949 [INFO] PluginManager:220 - loadIPPluginJar : add gic
2024-06-14 15:34:19,957 [INFO] IPUIPlugin:80 - create IPUIPlugin
2024-06-14 15:34:19,957 [INFO] PluginManager:220 - loadIPPluginJar : add gpio
2024-06-14 15:34:19,964 [INFO] IPUIPlugin:80 - create IPUIPlugin
2024-06-14 15:34:19,964 [INFO] PluginManager:220 - loadIPPluginJar : add gtzc
2024-06-14 15:34:19,970 [INFO] IPUIPlugin:80 - create IPUIPlugin
2024-06-14 15:34:19,970 [INFO] PluginManager:220 - loadIPPluginJar : add hash
2024-06-14 15:34:19,977 [INFO] IPUIPlugin:80 - create IPUIPlugin
2024-06-14 15:34:19,977 [INFO] PluginManager:220 - loadIPPluginJar : add i2c
2024-06-14 15:34:19,983 [INFO] IPUIPlugin:80 - create IPUIPlugin
2024-06-14 15:34:19,983 [INFO] PluginManager:220 - loadIPPluginJar : add i2s
2024-06-14 15:34:19,989 [INFO] IPUIPlugin:80 - create IPUIPlugin
2024-06-14 15:34:19,989 [INFO] PluginManager:220 - loadIPPluginJar : add i3c
2024-06-14 15:34:19,998 [INFO] IPUIPlugin:80 - create IPUIPlugin
2024-06-14 15:34:19,998 [INFO] PluginManager:220 - loadIPPluginJar : add ipddr
2024-06-14 15:34:20,009 [INFO] IPUIPlugin:80 - create IPUIPlugin
2024-06-14 15:34:20,010 [INFO] PluginManager:220 - loadIPPluginJar : add linkedlist
2024-06-14 15:34:20,017 [INFO] IPUIPlugin:80 - create IPUIPlugin
2024-06-14 15:34:20,017 [INFO] PluginManager:220 - loadIPPluginJar : add lorawan
2024-06-14 15:34:20,022 [INFO] IPUIPlugin:80 - create IPUIPlugin
2024-06-14 15:34:20,022 [INFO] PluginManager:220 - loadIPPluginJar : add ltdc
2024-06-14 15:34:20,032 [INFO] IPUIPlugin:80 - create IPUIPlugin
2024-06-14 15:34:20,032 [INFO] PluginManager:220 - loadIPPluginJar : add mdma
2024-06-14 15:34:20,039 [INFO] IPUIPlugin:80 - create IPUIPlugin
2024-06-14 15:34:20,039 [INFO] PluginManager:220 - loadIPPluginJar : add nvic
2024-06-14 15:34:20,045 [INFO] IPUIPlugin:80 - create IPUIPlugin
2024-06-14 15:34:20,045 [INFO] PluginManager:220 - loadIPPluginJar : add opamp
2024-06-14 15:34:20,051 [INFO] IPUIPlugin:80 - create IPUIPlugin
2024-06-14 15:34:20,052 [INFO] PluginManager:220 - loadIPPluginJar : add openamp
2024-06-14 15:34:20,058 [INFO] IPUIPlugin:80 - create IPUIPlugin
2024-06-14 15:34:20,058 [INFO] PluginManager:220 - loadIPPluginJar : add pdm2pcm
2024-06-14 15:34:20,067 [INFO] IPUIPlugin:80 - create IPUIPlugin
2024-06-14 15:34:20,070 [INFO] PluginManager:220 - loadIPPluginJar : add plateformsettings
2024-06-14 15:34:20,074 [INFO] IPUIPlugin:80 - create IPUIPlugin
2024-06-14 15:34:20,075 [INFO] PluginManager:220 - loadIPPluginJar : add quadspi
2024-06-14 15:34:20,083 [INFO] IPUIPlugin:80 - create IPUIPlugin
2024-06-14 15:34:20,083 [INFO] PluginManager:220 - loadIPPluginJar : add resmgrutility
2024-06-14 15:34:20,089 [INFO] IPUIPlugin:80 - create IPUIPlugin
2024-06-14 15:34:20,089 [INFO] PluginManager:220 - loadIPPluginJar : add sai
2024-06-14 15:34:20,095 [INFO] IPUIPlugin:80 - create IPUIPlugin
2024-06-14 15:34:20,095 [INFO] PluginManager:220 - loadIPPluginJar : add spi
2024-06-14 15:34:20,104 [INFO] IPUIPlugin:80 - create IPUIPlugin
2024-06-14 15:34:20,104 [INFO] PluginManager:220 - loadIPPluginJar : add stm32_wpan
2024-06-14 15:34:20,109 [INFO] IPUIPlugin:80 - create IPUIPlugin
2024-06-14 15:34:20,109 [INFO] PluginManager:220 - loadIPPluginJar : add tim
2024-06-14 15:34:20,116 [INFO] IPUIPlugin:80 - create IPUIPlugin
2024-06-14 15:34:20,116 [INFO] PluginManager:220 - loadIPPluginJar : add touchsensing
2024-06-14 15:34:20,121 [INFO] IPUIPlugin:80 - create IPUIPlugin
2024-06-14 15:34:20,121 [INFO] PluginManager:220 - loadIPPluginJar : add tracer_emb
2024-06-14 15:34:20,126 [INFO] IPUIPlugin:80 - create IPUIPlugin
2024-06-14 15:34:20,126 [INFO] PluginManager:220 - loadIPPluginJar : add ts
2024-06-14 15:34:20,131 [INFO] IPUIPlugin:80 - create IPUIPlugin
2024-06-14 15:34:20,131 [INFO] PluginManager:220 - loadIPPluginJar : add tsc
2024-06-14 15:34:20,136 [INFO] IPUIPlugin:80 - create IPUIPlugin
2024-06-14 15:34:20,136 [INFO] PluginManager:220 - loadIPPluginJar : add ucpd
2024-06-14 15:34:20,141 [INFO] IPUIPlugin:80 - create IPUIPlugin
2024-06-14 15:34:20,142 [INFO] PluginManager:220 - loadIPPluginJar : add usart
2024-06-14 15:34:20,149 [INFO] IPUIPlugin:80 - create IPUIPlugin
2024-06-14 15:34:20,149 [INFO] PluginManager:220 - loadIPPluginJar : add usbx
2024-06-14 15:34:20,283 [INFO] CADModel:165 - CPN selected for project level
2024-06-14 15:34:20,283 [INFO] CADModel:114 - Register for checkConnection events
2024-06-14 15:34:20,283 [FATAL] Updater:308 - Updater called before beeing initialized
2024-06-14 15:34:20,283 [ERROR] CADModel:125 - Updater not yet initialized, retry later 
2024-06-14 15:34:20,424 [INFO] CADModel:165 - CPN selected for project level
2024-06-14 15:34:20,425 [INFO] CADModel:114 - Register for checkConnection events
2024-06-14 15:34:20,425 [FATAL] Updater:308 - Updater called before beeing initialized
2024-06-14 15:34:20,425 [ERROR] CADModel:125 - Updater not yet initialized, retry later 
2024-06-14 15:34:20,428 [FATAL] Updater:308 - Updater called before beeing initialized
2024-06-14 15:34:20,555 [FATAL] Updater:308 - Updater called before beeing initialized
2024-06-14 15:34:20,559 [INFO] DbMcusAds:53 - JSON generation date=Thu May 16 05:22:00 EDT 2024 (1715851320852)
2024-06-14 15:34:20,559 [FATAL] Updater:308 - Updater called before beeing initialized
2024-06-14 15:34:20,623 [WARN] DetailPanel:346 - Failed to get advertising image, set to default
2024-06-14 15:34:20,724 [FATAL] Updater:308 - Updater called before beeing initialized
2024-06-14 15:34:20,726 [FATAL] Updater:308 - Updater called before beeing initialized
2024-06-14 15:34:20,726 [FATAL] Updater:308 - Updater called before beeing initialized
2024-06-14 15:34:20,726 [WARN] DetailPanel:346 - Failed to get advertising image, set to default
2024-06-14 15:34:20,727 [FATAL] Updater:308 - Updater called before beeing initialized
2024-06-14 15:34:20,784 [ERROR] Updater:1120 - MainUpdater not yet initialized. External WinMGr cannot be set.
2024-06-14 15:34:20,790 [INFO] Updater:1056 - Updater Version found : 6.10.0
2024-06-14 15:34:20,808 [INFO] ApplicationProperties:184 - Using Application install path: C:\ST\STM32CubeIDE_1.12.0\STM32CubeIDE\plugins\com.st.stm32cube.common.mx_6.10.0.202311202037
2024-06-14 15:34:21,216 [INFO] MainUpdater:2873 - connection check result : 10
2024-06-14 15:34:21,216 [INFO] MainUpdater:290 - Updater Check For Update Now.
2024-06-14 15:34:21,217 [INFO] MicroXplorer:498 - Change Database Version : DB.6.0.100
2024-06-14 15:34:21,239 [INFO] McuFinderGlobals:63 - Set McuFinder mode to 2 (CubeIDE integrated)
2024-06-14 15:34:21,250 [INFO] UserAuth:404 - Internet connection configuration mode: 1
2024-06-14 15:34:21,266 [INFO] JxBrowserEngine:152 - Initiate JxBrowser Engine with user profile folder
2024-06-14 15:34:21,466 [INFO] CheckServerUpdateThread:120 - End of CheckServer Thread
2024-06-14 15:34:22,443 [INFO] WebApp:161 - Instantiating new browser for Auth
2024-06-14 15:34:22,717 [WARN] PackLoader:240 - Cannot read IP mode file for STMicroelectronics.FP-SNS-MOTENVWB1.1.4.0
2024-06-14 15:34:22,730 [WARN] PackLoader:240 - Cannot read IP mode file for STMicroelectronics.X-CUBE-SMBUS.2.1.0
2024-06-14 15:34:22,737 [WARN] PackLoader:240 - Cannot read IP mode file for STMicroelectronics.X-CUBE-TOUCHGFX.4.23.1
2024-06-14 15:34:22,741 [WARN] PackLoader:240 - Cannot read IP mode file for STMicroelectronics.X-CUBE-TOUCHGFX.4.23.0
2024-06-14 15:34:22,746 [WARN] PackLoader:240 - Cannot read IP mode file for STMicroelectronics.X-CUBE-TOUCHGFX.4.23.2
2024-06-14 15:34:22,782 [WARN] PackLoader:240 - Cannot read IP mode file for STMicroelectronics.X-CUBE-AZRTOS-F7.1.1.0
2024-06-14 15:34:22,792 [ERROR] RealEvaluatedCondition:428 - Found unsupported composite condition: GROUP='STM32_MetaDataManager' CLASS='Data Exchange'
2024-06-14 15:34:22,793 [ERROR] RealEvaluatedCondition:428 - Found unsupported composite condition: GROUP='STM32_MetaDataManager' CLASS='Data Exchange'
2024-06-14 15:34:22,795 [WARN] PackLoader:240 - Cannot read IP mode file for STMicroelectronics.FP-SNS-MOTENV1.4.3.0
2024-06-14 15:34:22,804 [WARN] PackLoader:240 - Cannot read IP mode file for STMicroelectronics.FP-SNS-MOTENV1.4.3.2
2024-06-14 15:34:22,812 [WARN] PackLoader:240 - Cannot read IP mode file for STMicroelectronics.FP-SNS-FLIGHT1.5.0.0
2024-06-14 15:34:22,819 [ERROR] RealEvaluatedCondition:428 - Found unsupported composite condition: CLASS='Data Exchange' GROUP='STM32_MetaDataManager'
2024-06-14 15:34:22,819 [ERROR] RealEvaluatedCondition:428 - Found unsupported composite condition: GROUP='STM32_MetaDataManager' CLASS='Data Exchange'
2024-06-14 15:34:22,821 [WARN] PackLoader:240 - Cannot read IP mode file for STMicroelectronics.FP-SNS-MOTENV1.4.3.1
2024-06-14 15:34:22,827 [WARN] PackLoader:240 - Cannot read IP mode file for STMicroelectronics.FP-SNS-FLIGHT1.5.0.1
2024-06-14 15:34:22,839 [WARN] PackLoader:240 - Cannot read IP mode file for STMicroelectronics.X-CUBE-BLE1.6.2.4
2024-06-14 15:34:22,944 [WARN] PackLoader:240 - Cannot read IP mode file for STMicroelectronics.FP-SNS-FLIGHT1.5.0.2
2024-06-14 15:34:22,954 [WARN] PackLoader:240 - Cannot read IP mode file for STMicroelectronics.X-CUBE-DISPLAY.3.0.0
2024-06-14 15:34:22,969 [WARN] PackLoader:240 - Cannot read IP mode file for STMicroelectronics.X-CUBE-BLE1.7.0.0
2024-06-14 15:34:23,018 [WARN] PackLoader:240 - Cannot read IP mode file for emotas.I-CUBE-CANOPEN.1.3.0
2024-06-14 15:34:23,022 [WARN] PackLoader:240 - Cannot read IP mode file for STMicroelectronics.X-CUBE-TOUCHGFX.4.22.0
2024-06-14 15:34:23,027 [WARN] PackLoader:240 - Cannot read IP mode file for STMicroelectronics.X-CUBE-TOUCHGFX.4.22.1
2024-06-14 15:34:23,049 [WARN] PackLoader:240 - Cannot read IP mode file for STMicroelectronics.X-CUBE-BLEMGR.3.1.0
2024-06-14 15:34:23,135 [INFO] WebApp:780 - Register for checkConnection events
2024-06-14 15:34:23,135 [INFO] WebApp:414 - Apply proxy settings
2024-06-14 15:34:23,135 [INFO] WebApp:499 - Chromium requires no authentication
2024-06-14 15:34:23,137 [WARN] PackLoader:240 - Cannot read IP mode file for STMicroelectronics.FP-SNS-SMARTAG2.1.2.0
2024-06-14 15:34:23,150 [INFO] WebApp:442 - Direct internet connection detected
2024-06-14 15:34:23,157 [INFO] LogOutputStream:77 - [STDOUT_REDIRECT] 1 : Invalid condition id : UX_CORESTACK_Condition cause : null
2024-06-14 15:34:23,157 [INFO] LogOutputStream:77 - [STDOUT_REDIRECT] 1 : Invalid condition id : UX_CORESTACK_Condition cause : null
2024-06-14 15:34:23,158 [INFO] LogOutputStream:77 - [STDOUT_REDIRECT] 1 : Invalid condition id : UX_CORESTACK_Condition cause : null
2024-06-14 15:34:23,160 [INFO] LogOutputStream:77 - [STDOUT_REDIRECT] 1 : Invalid condition id : UX_CORESTACK_Condition cause : null
2024-06-14 15:34:23,162 [INFO] LogOutputStream:77 - [STDOUT_REDIRECT] 1 : Invalid condition id : UX_CORESTACK_Condition cause : null
2024-06-14 15:34:23,167 [WARN] PackLoader:240 - Cannot read IP mode file for STMicroelectronics.X-CUBE-AZRTOS-WL.2.0.0
2024-06-14 15:34:23,173 [WARN] PackLoader:240 - Cannot read IP mode file for STMicroelectronics.FP-SNS-MOTENV1.5.0.0
2024-06-14 15:34:23,184 [WARN] PackLoader:240 - Cannot read IP mode file for wolfSSL.I-CUBE-wolfMQTT.1.19.0
2024-06-14 15:34:23,192 [WARN] PackLoader:240 - Cannot read IP mode file for WES.I-CUBE-Cesium.1.3.0
2024-06-14 15:34:23,211 [WARN] PackLoader:240 - Cannot read IP mode file for STMicroelectronics.X-CUBE-BLE2.3.3.0
2024-06-14 15:34:23,266 [WARN] PackLoader:240 - Cannot read IP mode file for STMicroelectronics.X-CUBE-TOF1.3.2.0
2024-06-14 15:34:23,292 [WARN] PackLoader:240 - Cannot read IP mode file for STMicroelectronics.X-CUBE-TCPP.4.1.0
2024-06-14 15:34:23,301 [WARN] PackLoader:240 - Cannot read IP mode file for STMicroelectronics.X-CUBE-TOUCHGFX.4.21.1
2024-06-14 15:34:23,305 [WARN] PackLoader:240 - Cannot read IP mode file for STMicroelectronics.X-CUBE-TOUCHGFX.4.21.3
2024-06-14 15:34:23,309 [WARN] PackLoader:240 - Cannot read IP mode file for STMicroelectronics.X-CUBE-TOUCHGFX.4.21.4
2024-06-14 15:34:23,318 [WARN] PackLoader:240 - Cannot read IP mode file for STMicroelectronics.X-CUBE-ALGOBUILD.1.3.0
2024-06-14 15:34:23,373 [WARN] PackLoader:240 - Cannot read IP mode file for STMicroelectronics.X-CUBE-AZRTOS-G0.1.1.0
2024-06-14 15:34:23,381 [WARN] PackLoader:240 - Cannot read IP mode file for STMicroelectronics.X-CUBE-SAFEA1.1.2.2
2024-06-14 15:34:23,388 [INFO] WebApp:192 - Starting web application
2024-06-14 15:34:23,388 [INFO] WebApp:544 - Web application path used C:\ST\STM32CubeIDE_1.12.0\STM32CubeIDE\plugins\com.st.stm32cube.common.mx_6.10.0.202311202037\db\plugins\mcufinder\reactClient1\index.html
2024-06-14 15:34:23,393 [WARN] PackLoader:240 - Cannot read IP mode file for STMicroelectronics.X-CUBE-NFC4.3.0.0
2024-06-14 15:34:23,411 [WARN] PackLoader:240 - Cannot read IP mode file for STMicroelectronics.X-CUBE-BLEMGR.3.0.0
2024-06-14 15:34:23,474 [WARN] PackLoader:240 - Cannot read IP mode file for STMicroelectronics.FP-ATR-SIGFOX1.3.2.0
2024-06-14 15:34:23,514 [WARN] PackLoader:240 - Cannot read IP mode file for STMicroelectronics.X-CUBE-EEPRMA1.5.1.0
2024-06-14 15:34:23,601 [WARN] PackLoader:240 - Cannot read IP mode file for STMicroelectronics.X-CUBE-MEMS1.9.5.0
2024-06-14 15:34:23,810 [WARN] PackLoader:240 - Cannot read IP mode file for SEGGER.I-CUBE-embOS.1.3.1
2024-06-14 15:34:23,933 [WARN] PackLoader:240 - Cannot read IP mode file for STMicroelectronics.X-CUBE-ALGOBUILD.1.4.0
2024-06-14 15:34:23,944 [WARN] PackLoader:240 - Cannot read IP mode file for STMicroelectronics.X-CUBE-GNSS1.6.0.0
2024-06-14 15:34:24,003 [WARN] PackLoader:240 - Cannot read IP mode file for STMicroelectronics.X-CUBE-AZRTOS-F4.1.1.0
2024-06-14 15:34:24,012 [WARN] PackLoader:240 - Cannot read IP mode file for wolfSSL.I-CUBE-wolfSSL.5.6.3
2024-06-14 15:34:24,017 [WARN] PackLoader:240 - Cannot read IP mode file for wolfSSL.I-CUBE-wolfSSL.5.6.0
2024-06-14 15:34:24,022 [WARN] PackLoader:240 - Cannot read IP mode file for STMicroelectronics.X-CUBE-FREERTOS.1.2.0
2024-06-14 15:34:24,026 [WARN] PackLoader:240 - Cannot read IP mode file for wolfSSL.I-CUBE-wolfSSL.5.6.6
2024-06-14 15:34:24,046 [WARN] PackLoader:240 - Cannot read IP mode file for STMicroelectronics.X-CUBE-AZRTOS-L5.2.0.0
2024-06-14 15:34:24,089 [WARN] PackLoader:240 - Cannot read IP mode file for STMicroelectronics.X-CUBE-MEMS1.9.6.0
2024-06-14 15:34:24,238 [WARN] PackLoader:240 - Cannot read IP mode file for STMicroelectronics.X-CUBE-EEPRMA1.4.2.0
2024-06-14 15:34:24,279 [WARN] PackLoader:240 - Cannot read IP mode file for STMicroelectronics.X-CUBE-NFC6.3.1.0
2024-06-14 15:34:24,287 [WARN] PackLoader:240 - Cannot read IP mode file for ITTIA_DB.I-CUBE-ITTIADB.8.8.0
2024-06-14 15:34:24,298 [WARN] PackLoader:240 - Cannot read IP mode file for emotas.I-CUBE-CANOPEN.1.1.3
2024-06-14 15:34:24,306 [WARN] PackLoader:240 - Cannot read IP mode file for STMicroelectronics.X-CUBE-BLEMGR.2.0.0
2024-06-14 15:34:24,350 [WARN] PackLoader:240 - Cannot read IP mode file for STMicroelectronics.X-CUBE-AI.9.0.0
2024-06-14 15:34:24,367 [WARN] ConditionMgr:438 - getConditionDescription Invalid condition id : UX DEVICE CLASS RTOS Condition cause : null
2024-06-14 15:34:24,368 [WARN] ConditionMgr:438 - getConditionDescription Invalid condition id : UX DEVICE CLASS RTOS Condition cause : null
2024-06-14 15:34:24,370 [WARN] PackLoader:240 - Cannot read IP mode file for STMicroelectronics.X-CUBE-AZRTOS-H7.3.1.0
2024-06-14 15:34:24,371 [WARN] ConditionMgr:1039 - genDependencies : Invalid condition id : UX DEVICE CLASS RTOS Condition cause : null
2024-06-14 15:34:24,371 [WARN] ConditionMgr:1039 - genDependencies : Invalid condition id : UX DEVICE CLASS RTOS Condition cause : null
2024-06-14 15:34:24,372 [WARN] ConditionMgr:1039 - genDependencies : Invalid condition id : UX DEVICE CLASS RTOS Condition cause : null
2024-06-14 15:34:24,372 [WARN] ConditionMgr:1039 - genDependencies : Invalid condition id : UX DEVICE CLASS RTOS Condition cause : null
2024-06-14 15:34:24,372 [WARN] ConditionMgr:1039 - genDependencies : Invalid condition id : UX DEVICE CLASS RTOS Condition cause : null
2024-06-14 15:34:24,377 [WARN] PackLoader:240 - Cannot read IP mode file for wolfSSL.I-CUBE-wolfSSL.5.5.4
2024-06-14 15:34:24,384 [WARN] PackLoader:240 - Cannot read IP mode file for STMicroelectronics.X-CUBE-NFC7.1.0.1
2024-06-14 15:34:24,389 [WARN] PackLoader:240 - Cannot read IP mode file for STMicroelectronics.X-CUBE-NFC7.1.0.0
2024-06-14 15:34:24,397 [WARN] PackLoader:240 - Cannot read IP mode file for STMicroelectronics.X-CUBE-NFC6.3.0.0
2024-06-14 15:34:24,403 [WARN] PackLoader:240 - Cannot read IP mode file for STMicroelectronics.X-CUBE-EEPRMA1.4.1.0
2024-06-14 15:34:24,410 [WARN] PackLoader:240 - Cannot read IP mode file for STMicroelectronics.X-CUBE-AI.8.1.0
2024-06-14 15:34:24,448 [WARN] ConditionMgr:438 - getConditionDescription Invalid condition id : LAN8742 Phy interface Condition cause : null
2024-06-14 15:34:24,449 [WARN] PackLoader:240 - Cannot read IP mode file for STMicroelectronics.X-CUBE-AZRTOS-L4.2.0.0
2024-06-14 15:34:24,450 [WARN] ConditionMgr:1039 - genDependencies : Invalid condition id : LAN8742 Phy interface Condition cause : null
2024-06-14 15:34:24,450 [WARN] ConditionMgr:1039 - genDependencies : Invalid condition id : LAN8742 Phy interface Condition cause : null
2024-06-14 15:34:24,450 [WARN] ConditionMgr:1039 - genDependencies : Invalid condition id : LAN8742 Phy interface Condition cause : null
2024-06-14 15:34:24,460 [WARN] PackLoader:240 - Cannot read IP mode file for STMicroelectronics.X-CUBE-SFXS2LP1.4.0.0
2024-06-14 15:34:24,503 [WARN] PackLoader:240 - Cannot read IP mode file for STMicroelectronics.X-CUBE-AZRTOS-H7.3.0.0
2024-06-14 15:34:24,513 [WARN] PackLoader:240 - Cannot read IP mode file for STMicroelectronics.X-CUBE-ISPU.1.1.0
2024-06-14 15:34:24,520 [WARN] PackLoader:240 - Cannot read IP mode file for RoweBots.I-CUBE-UNISONRTOS.5.5.0-4
2024-06-14 15:34:24,525 [WARN] PackLoader:240 - Cannot read IP mode file for STMicroelectronics.X-CUBE-AI.8.0.0
2024-06-14 15:34:24,539 [WARN] ConditionMgr:438 - getConditionDescription Invalid condition id : UX DEVICE CLASS RTOS Condition cause : null
2024-06-14 15:34:24,539 [WARN] ConditionMgr:438 - getConditionDescription Invalid condition id : UX DEVICE CLASS RTOS Condition cause : null
2024-06-14 15:34:24,541 [WARN] PackLoader:240 - Cannot read IP mode file for STMicroelectronics.X-CUBE-AZRTOS-WB.2.0.0
2024-06-14 15:34:24,541 [WARN] ConditionMgr:1039 - genDependencies : Invalid condition id : UX DEVICE CLASS RTOS Condition cause : null
2024-06-14 15:34:24,541 [WARN] ConditionMgr:1039 - genDependencies : Invalid condition id : UX DEVICE CLASS RTOS Condition cause : null
2024-06-14 15:34:24,541 [WARN] ConditionMgr:1039 - genDependencies : Invalid condition id : UX DEVICE CLASS RTOS Condition cause : null
2024-06-14 15:34:24,541 [WARN] ConditionMgr:1039 - genDependencies : Invalid condition id : UX DEVICE CLASS RTOS Condition cause : null
2024-06-14 15:34:24,541 [WARN] ConditionMgr:1039 - genDependencies : Invalid condition id : UX DEVICE CLASS RTOS Condition cause : null
2024-06-14 15:34:24,546 [WARN] ConditionMgr:438 - getConditionDescription Invalid condition id : UX DEVICE CLASS RTOS Condition cause : null
2024-06-14 15:34:24,546 [WARN] ConditionMgr:438 - getConditionDescription Invalid condition id : UX DEVICE CLASS RTOS Condition cause : null
2024-06-14 15:34:24,621 [WARN] PackLoader:240 - Cannot read IP mode file for STMicroelectronics.X-CUBE-FREERTOS.1.0.0
2024-06-14 15:34:24,625 [WARN] PackLoader:240 - Cannot read IP mode file for STMicroelectronics.X-CUBE-FREERTOS.1.0.1
2024-06-14 15:34:24,638 [WARN] PackLoader:240 - Cannot read IP mode file for STMicroelectronics.X-CUBE-AZRTOS-L5.1.1.0
2024-06-14 15:34:24,643 [WARN] PackLoader:240 - Cannot read IP mode file for STMicroelectronics.X-CUBE-AI.8.0.1
2024-06-14 15:34:24,654 [WARN] PackLoader:240 - Cannot read IP mode file for STMicroelectronics.X-CUBE-SUBG2.5.0.0
2024-06-14 15:34:24,662 [WARN] PackLoader:240 - Cannot read IP mode file for Cesanta.I-CUBE-Mongoose.7.13.0
2024-06-14 15:34:24,671 [WARN] PackLoader:240 - Cannot read IP mode file for STMicroelectronics.X-CUBE-TOF1.3.3.1
2024-06-14 15:34:24,697 [WARN] PackLoader:240 - Cannot read IP mode file for STMicroelectronics.X-CUBE-AZRTOS-G4.2.0.0
2024-06-14 15:34:24,707 [WARN] PackLoader:240 - Cannot read IP mode file for STMicroelectronics.X-CUBE-TOF1.3.3.0
2024-06-14 15:34:24,719 [WARN] PackLoader:240 - Cannot read IP mode file for STMicroelectronics.FP-ATR-ASTRA1.1.1.1
2024-06-14 15:34:24,733 [WARN] PackLoader:240 - Cannot read IP mode file for Infineon.AIROC-Wi-Fi-Bluetooth-STM32.1.5.1
2024-06-14 15:34:24,777 [WARN] PackLoader:240 - Cannot read IP mode file for STMicroelectronics.FP-SNS-MOTENVWB1.1.3.0
2024-06-14 15:34:24,784 [WARN] PackLoader:240 - Cannot read IP mode file for STMicroelectronics.FP-SNS-MOTENVWB1.1.3.1
2024-06-14 15:34:24,794 [WARN] PackLoader:240 - Cannot read IP mode file for STMicroelectronics.X-CUBE-AZRTOS-G4.1.0.0
2024-06-14 15:34:24,812 [WARN] PackLoader:240 - Cannot read IP mode file for STMicroelectronics.X-CUBE-AZRTOS-L4.1.0.0
2024-06-14 15:34:24,819 [WARN] PackLoader:240 - Cannot read IP mode file for STMicroelectronics.X-CUBE-ISPU.2.0.0
2024-06-14 15:34:24,824 [WARN] PackLoader:240 - Cannot read IP mode file for STMicroelectronics.X-CUBE-ALS.1.0.2
2024-06-14 15:34:24,859 [WARN] PackLoader:240 - Cannot read IP mode file for STMicroelectronics.X-CUBE-MEMS1.10.0.0
2024-06-14 15:34:25,025 [WARN] PackLoader:240 - Cannot read IP mode file for STMicroelectronics.X-CUBE-FREERTOS.1.1.0
2024-06-14 15:34:25,066 [WARN] PackLoader:240 - Cannot read IP mode file for STMicroelectronics.X-CUBE-AZRTOS-WL.1.0.0
2024-06-14 15:34:25,074 [WARN] PackLoader:240 - Cannot read IP mode file for portGmbH.I-Cube-SoM-uGOAL.1.1.0
2024-06-14 15:34:25,085 [WARN] PackLoader:240 - Cannot read IP mode file for STMicroelectronics.X-CUBE-ALS.1.0.1
2024-06-14 15:34:25,122 [WARN] PackLoader:240 - Cannot read IP mode file for STMicroelectronics.X-CUBE-AZRTOS-WB.1.1.0
2024-06-14 15:34:25,199 [WARN] PackLoader:240 - Cannot read IP mode file for STMicroelectronics.X-CUBE-AZRTOS-H7RS.1.0.0
2024-06-14 15:34:25,205 [WARN] PackLoader:240 - Cannot read IP mode file for STMicroelectronics.FP-ATR-ASTRA1.2.0.0
2024-06-14 15:34:25,216 [WARN] PackLoader:240 - Cannot read IP mode file for STMicroelectronics.X-CUBE-TOF1.3.4.0
2024-06-14 15:34:25,232 [WARN] PackLoader:240 - Cannot read IP mode file for STMicroelectronics.X-CUBE-TOF1.3.4.1
2024-06-14 15:34:25,261 [WARN] PackLoader:240 - Cannot read IP mode file for STMicroelectronics.X-CUBE-AZRTOS-H7.3.2.0
2024-06-14 15:34:25,266 [INFO] ThirdParty:978 - Integrity check success = true
2024-06-14 15:34:25,266 [INFO] IntegrityCheckThread:100 - exiting critical section [integrity check]
2024-06-14 15:34:25,266 [INFO] IntegrityCheckThread:103 - End integrity checks thread
2024-06-14 15:40:58,329 [ERROR] LogOutputStream:75 - [STDERR_REDIRECT] 
